# JRE version: Java(TM) SE Runtime Environment (17.0.1+12) (build 17.0.1+12-LTS-39)
# Java VM: Java HotSpot(TM) 64-Bit Server VM (17.0.1+12-LTS-39, mixed mode, sharing, tiered, compressed oops, compressed class ptrs, g1 gc, windows-amd64)
GC Precious Log:
 CPUs: 8 total, 8 available
 Memory: 7988M
 Large Page Support: Disabled
 NUMA Support: Disabled
 Compressed Oops: Enabled (32-bit)
 Heap Region Size: 1M
 Heap Min Capacity: 8M
 Heap Initial Capacity: 126M
 Heap Max Capacity: 1998M
 Pre-touch: Disabled
 Parallel Workers: 8
 Concurrent Workers: 2
 Concurrent Refinement Workers: 8
 Periodic GC: Disabled
Heap:
 garbage-first heap   total 45056K, used 20833K [0x0000000083200000, 0x0000000100000000)
  region size 1024K, 2 young (2048K), 2 survivors (2048K)
 Metaspace       used 26047K, committed 26368K, reserved 1073152K
  class space    used 2984K, committed 3072K, reserved 1048576K
GC Heap History (17 events):
Event: 2.783 GC heap before
{Heap before GC invocations=0 (full 0):
 garbage-first heap   total 129024K, used 22528K [0x0000000083200000, 0x0000000100000000)
  region size 1024K, 23 young (23552K), 0 survivors (0K)
 Metaspace       used 5868K, committed 6080K, reserved 1056768K
  class space    used 663K, committed 768K, reserved 1048576K
}
Event: 2.798 GC heap after
{Heap after GC invocations=1 (full 0):
 garbage-first heap   total 129024K, used 4267K [0x0000000083200000, 0x0000000100000000)
  region size 1024K, 3 young (3072K), 3 survivors (3072K)
 Metaspace       used 5868K, committed 6080K, reserved 1056768K
  class space    used 663K, committed 768K, reserved 1048576K
}
Event: 4.748 GC heap before
{Heap before GC invocations=1 (full 0):
 garbage-first heap   total 129024K, used 33963K [0x0000000083200000, 0x0000000100000000)
  region size 1024K, 32 young (32768K), 3 survivors (3072K)
 Metaspace       used 10280K, committed 10432K, reserved 1064960K
  class space    used 1235K, committed 1344K, reserved 1048576K
}
Event: 4.762 GC heap after
{Heap after GC invocations=2 (full 0):
 garbage-first heap   total 129024K, used 5980K [0x0000000083200000, 0x0000000100000000)
  region size 1024K, 2 young (2048K), 2 survivors (2048K)
 Metaspace       used 10280K, committed 10432K, reserved 1064960K
  class space    used 1235K, committed 1344K, reserved 1048576K
}
Event: 12.317 GC heap before
{Heap before GC invocations=2 (full 0):
 garbage-first heap   total 129024K, used 80732K [0x0000000083200000, 0x0000000100000000)
  region size 1024K, 75 young (76800K), 2 survivors (2048K)
 Metaspace       used 14620K, committed 14784K, reserved 1064960K
  class space    used 1640K, committed 1728K, reserved 1048576K
}
Event: 12.334 GC heap after
{Heap after GC invocations=3 (full 0):
 garbage-first heap   total 129024K, used 9908K [0x0000000083200000, 0x0000000100000000)
  region size 1024K, 6 young (6144K), 6 survivors (6144K)
 Metaspace       used 14620K, committed 14784K, reserved 1064960K
  class space    used 1640K, committed 1728K, reserved 1048576K
}
Event: 14.864 GC heap before
{Heap before GC invocations=3 (full 0):
 garbage-first heap   total 129024K, used 24244K [0x0000000083200000, 0x0000000100000000)
  region size 1024K, 21 young (21504K), 6 survivors (6144K)
 Metaspace       used 21318K, committed 21504K, reserved 1073152K
  class space    used 2454K, committed 2560K, reserved 1048576K
}
Event: 14.882 GC heap after
{Heap after GC invocations=4 (full 0):
 garbage-first heap   total 129024K, used 11674K [0x0000000083200000, 0x0000000100000000)
  region size 1024K, 6 young (6144K), 6 survivors (6144K)
 Metaspace       used 21318K, committed 21504K, reserved 1073152K
  class space    used 2454K, committed 2560K, reserved 1048576K
}
Event: 16.089 GC heap before
{Heap before GC invocations=5 (full 0):
 garbage-first heap   total 45056K, used 32154K [0x0000000083200000, 0x0000000100000000)
  region size 1024K, 26 young (26624K), 6 survivors (6144K)
 Metaspace       used 23272K, committed 23488K, reserved 1073152K
  class space    used 2647K, committed 2752K, reserved 1048576K
}
Event: 16.124 GC heap after
{Heap after GC invocations=6 (full 0):
 garbage-first heap   total 45056K, used 16232K [0x0000000083200000, 0x0000000100000000)
  region size 1024K, 4 young (4096K), 4 survivors (4096K)
 Metaspace       used 23272K, committed 23488K, reserved 1073152K
  class space    used 2647K, committed 2752K, reserved 1048576K
}
Event: 16.132 GC heap before
{Heap before GC invocations=6 (full 0):
 garbage-first heap   total 45056K, used 17256K [0x0000000083200000, 0x0000000100000000)
  region size 1024K, 5 young (5120K), 4 survivors (4096K)
 Metaspace       used 23272K, committed 23488K, reserved 1073152K
  class space    used 2647K, committed 2752K, reserved 1048576K
}
Event: 16.145 GC heap after
{Heap after GC invocations=7 (full 0):
 garbage-first heap   total 45056K, used 17252K [0x0000000083200000, 0x0000000100000000)
  region size 1024K, 1 young (1024K), 1 survivors (1024K)
 Metaspace       used 23272K, committed 23488K, reserved 1073152K
  class space    used 2647K, committed 2752K, reserved 1048576K
}
Event: 17.384 GC heap before
{Heap before GC invocations=7 (full 0):
 garbage-first heap   total 45056K, used 31588K [0x0000000083200000, 0x0000000100000000)
  region size 1024K, 16 young (16384K), 1 survivors (1024K)
 Metaspace       used 24778K, committed 25024K, reserved 1073152K
  class space    used 2832K, committed 2944K, reserved 1048576K
}
Event: 17.402 GC heap after
{Heap after GC invocations=8 (full 0):
 garbage-first heap   total 45056K, used 19456K [0x0000000083200000, 0x0000000100000000)
  region size 1024K, 2 young (2048K), 2 survivors (2048K)
 Metaspace       used 24778K, committed 25024K, reserved 1073152K
  class space    used 2832K, committed 2944K, reserved 1048576K
}
Event: 18.240 GC heap before
{Heap before GC invocations=8 (full 0):
 garbage-first heap   total 45056K, used 32768K [0x0000000083200000, 0x0000000100000000)
  region size 1024K, 15 young (15360K), 2 survivors (2048K)
 Metaspace       used 25271K, committed 25536K, reserved 1073152K
  class space    used 2864K, committed 2944K, reserved 1048576K
}
Event: 18.252 GC heap after
{Heap after GC invocations=9 (full 0):
 garbage-first heap   total 45056K, used 20380K [0x0000000083200000, 0x0000000100000000)
  region size 1024K, 1 young (1024K), 1 survivors (1024K)
 Metaspace       used 25271K, committed 25536K, reserved 1073152K
  class space    used 2864K, committed 2944K, reserved 1048576K
}
Event: 18.968 GC heap before
{Heap before GC invocations=9 (full 0):
 garbage-first heap   total 45056K, used 32668K [0x0000000083200000, 0x0000000100000000)
  region size 1024K, 13 young (13312K), 1 survivors (1024K)
 Metaspace       used 26047K, committed 26368K, reserved 1073152K
  class space    used 2984K, committed 3072K, reserved 1048576K
}

